0 info it worked if it ends with ok
1 verbose cli [ '/usr/local/bin/node',
1 verbose cli   '/usr/local/bin/npm',
1 verbose cli   'run',
1 verbose cli   'localtest' ]
2 info using npm@3.10.9
3 info using node@v6.3.1
4 verbose run-script [ 'prelocaltest', 'localtest', 'postlocaltest' ]
5 info lifecycle events-manager@1.0.0~prelocaltest: events-manager@1.0.0
6 silly lifecycle events-manager@1.0.0~prelocaltest: no script for prelocaltest, continuing
7 info lifecycle events-manager@1.0.0~localtest: events-manager@1.0.0
8 verbose lifecycle events-manager@1.0.0~localtest: unsafe-perm in lifecycle true
9 verbose lifecycle events-manager@1.0.0~localtest: PATH: /usr/local/lib/node_modules/npm/bin/node-gyp-bin:/Users/andeladeveloper/Events-Manager/node_modules/.bin:/usr/local/bin:/usr/bin:/bin:/usr/sbin:/sbin:/opt/ImageMagick/bin
10 verbose lifecycle events-manager@1.0.0~localtest: CWD: /Users/andeladeveloper/Events-Manager
11 silly lifecycle events-manager@1.0.0~localtest: Args: [ '-c',
11 silly lifecycle   'NODE_ENV=test&&nyc --reporter=html --reporter=text --reporter=lcov mocha ./server/test/tests.js --compilers js:babel-core/register --timeout 500000 --exit' ]
12 silly lifecycle events-manager@1.0.0~localtest: Returned: code: 2  signal: null
13 info lifecycle events-manager@1.0.0~localtest: Failed to exec localtest script
14 verbose stack Error: events-manager@1.0.0 localtest: `NODE_ENV=test&&nyc --reporter=html --reporter=text --reporter=lcov mocha ./server/test/tests.js --compilers js:babel-core/register --timeout 500000 --exit`
14 verbose stack Exit status 2
14 verbose stack     at EventEmitter.<anonymous> (/usr/local/lib/node_modules/npm/lib/utils/lifecycle.js:255:16)
14 verbose stack     at emitTwo (events.js:106:13)
14 verbose stack     at EventEmitter.emit (events.js:191:7)
14 verbose stack     at ChildProcess.<anonymous> (/usr/local/lib/node_modules/npm/lib/utils/spawn.js:40:14)
14 verbose stack     at emitTwo (events.js:106:13)
14 verbose stack     at ChildProcess.emit (events.js:191:7)
14 verbose stack     at maybeClose (internal/child_process.js:852:16)
14 verbose stack     at Process.ChildProcess._handle.onexit (internal/child_process.js:215:5)
15 verbose pkgid events-manager@1.0.0
16 verbose cwd /Users/andeladeveloper/Events-Manager
17 error Darwin 16.7.0
18 error argv "/usr/local/bin/node" "/usr/local/bin/npm" "run" "localtest"
19 error node v6.3.1
20 error npm  v3.10.9
21 error code ELIFECYCLE
22 error events-manager@1.0.0 localtest: `NODE_ENV=test&&nyc --reporter=html --reporter=text --reporter=lcov mocha ./server/test/tests.js --compilers js:babel-core/register --timeout 500000 --exit`
22 error Exit status 2
23 error Failed at the events-manager@1.0.0 localtest script 'NODE_ENV=test&&nyc --reporter=html --reporter=text --reporter=lcov mocha ./server/test/tests.js --compilers js:babel-core/register --timeout 500000 --exit'.
23 error Make sure you have the latest version of node.js and npm installed.
23 error If you do, this is most likely a problem with the events-manager package,
23 error not with npm itself.
23 error Tell the author that this fails on your system:
23 error     NODE_ENV=test&&nyc --reporter=html --reporter=text --reporter=lcov mocha ./server/test/tests.js --compilers js:babel-core/register --timeout 500000 --exit
23 error You can get information on how to open an issue for this project with:
23 error     npm bugs events-manager
23 error Or if that isn't available, you can get their info via:
23 error     npm owner ls events-manager
23 error There is likely additional logging output above.
24 verbose exit [ 1, true ]
